<?xml version="1.0" encoding="UTF-8"?>
<testsuite xmlns:xsi="http://www.w3.org/2001/XMLSchema-instance" xsi:noNamespaceSchemaLocation="https://maven.apache.org/surefire/maven-surefire-plugin/xsd/surefire-test-report.xsd" name="com.example.ocr.controller.OcrControllerTest" time="3.383" tests="5" errors="0" skipped="0" failures="0">
  <properties>
    <property name="sun.desktop" value="windows"/>
    <property name="awt.toolkit" value="sun.awt.windows.WToolkit"/>
    <property name="file.encoding.pkg" value="sun.io"/>
    <property name="java.specification.version" value="1.8"/>
    <property name="sun.cpu.isalist" value="amd64"/>
    <property name="sun.jnu.encoding" value="GBK"/>
    <property name="java.class.path" value="D:\陈勇举\gitea代码\api\target\test-classes;D:\陈勇举\gitea代码\api\target\classes;D:\A_work_Software\maven\maven-repository\org\springframework\boot\spring-boot-starter-web\2.7.18\spring-boot-starter-web-2.7.18.jar;D:\A_work_Software\maven\maven-repository\org\springframework\boot\spring-boot-starter-json\2.7.18\spring-boot-starter-json-2.7.18.jar;D:\A_work_Software\maven\maven-repository\com\fasterxml\jackson\core\jackson-databind\2.13.5\jackson-databind-2.13.5.jar;D:\A_work_Software\maven\maven-repository\com\fasterxml\jackson\core\jackson-annotations\2.13.5\jackson-annotations-2.13.5.jar;D:\A_work_Software\maven\maven-repository\com\fasterxml\jackson\core\jackson-core\2.13.5\jackson-core-2.13.5.jar;D:\A_work_Software\maven\maven-repository\com\fasterxml\jackson\datatype\jackson-datatype-jdk8\2.13.5\jackson-datatype-jdk8-2.13.5.jar;D:\A_work_Software\maven\maven-repository\com\fasterxml\jackson\datatype\jackson-datatype-jsr310\2.13.5\jackson-datatype-jsr310-2.13.5.jar;D:\A_work_Software\maven\maven-repository\com\fasterxml\jackson\module\jackson-module-parameter-names\2.13.5\jackson-module-parameter-names-2.13.5.jar;D:\A_work_Software\maven\maven-repository\org\springframework\boot\spring-boot-starter-tomcat\2.7.18\spring-boot-starter-tomcat-2.7.18.jar;D:\A_work_Software\maven\maven-repository\org\apache\tomcat\embed\tomcat-embed-core\9.0.83\tomcat-embed-core-9.0.83.jar;D:\A_work_Software\maven\maven-repository\org\apache\tomcat\embed\tomcat-embed-el\9.0.83\tomcat-embed-el-9.0.83.jar;D:\A_work_Software\maven\maven-repository\org\apache\tomcat\embed\tomcat-embed-websocket\9.0.83\tomcat-embed-websocket-9.0.83.jar;D:\A_work_Software\maven\maven-repository\org\springframework\spring-web\5.3.31\spring-web-5.3.31.jar;D:\A_work_Software\maven\maven-repository\org\springframework\spring-beans\5.3.31\spring-beans-5.3.31.jar;D:\A_work_Software\maven\maven-repository\org\springframework\spring-webmvc\5.3.31\spring-webmvc-5.3.31.jar;D:\A_work_Software\maven\maven-repository\org\springframework\spring-aop\5.3.31\spring-aop-5.3.31.jar;D:\A_work_Software\maven\maven-repository\org\springframework\spring-context\5.3.31\spring-context-5.3.31.jar;D:\A_work_Software\maven\maven-repository\org\springframework\spring-expression\5.3.31\spring-expression-5.3.31.jar;D:\A_work_Software\maven\maven-repository\org\springframework\boot\spring-boot-starter\2.7.18\spring-boot-starter-2.7.18.jar;D:\A_work_Software\maven\maven-repository\org\springframework\boot\spring-boot\2.7.18\spring-boot-2.7.18.jar;D:\A_work_Software\maven\maven-repository\org\springframework\boot\spring-boot-autoconfigure\2.7.18\spring-boot-autoconfigure-2.7.18.jar;D:\A_work_Software\maven\maven-repository\org\springframework\boot\spring-boot-starter-logging\2.7.18\spring-boot-starter-logging-2.7.18.jar;D:\A_work_Software\maven\maven-repository\ch\qos\logback\logback-classic\1.2.12\logback-classic-1.2.12.jar;D:\A_work_Software\maven\maven-repository\ch\qos\logback\logback-core\1.2.12\logback-core-1.2.12.jar;D:\A_work_Software\maven\maven-repository\org\apache\logging\log4j\log4j-to-slf4j\2.17.2\log4j-to-slf4j-2.17.2.jar;D:\A_work_Software\maven\maven-repository\org\apache\logging\log4j\log4j-api\2.17.2\log4j-api-2.17.2.jar;D:\A_work_Software\maven\maven-repository\org\slf4j\jul-to-slf4j\1.7.36\jul-to-slf4j-1.7.36.jar;D:\A_work_Software\maven\maven-repository\jakarta\annotation\jakarta.annotation-api\1.3.5\jakarta.annotation-api-1.3.5.jar;D:\A_work_Software\maven\maven-repository\org\springframework\spring-core\5.3.31\spring-core-5.3.31.jar;D:\A_work_Software\maven\maven-repository\org\springframework\spring-jcl\5.3.31\spring-jcl-5.3.31.jar;D:\A_work_Software\maven\maven-repository\org\yaml\snakeyaml\1.30\snakeyaml-1.30.jar;D:\A_work_Software\maven\maven-repository\org\slf4j\slf4j-api\1.7.36\slf4j-api-1.7.36.jar;D:\A_work_Software\maven\maven-repository\org\springdoc\springdoc-openapi-ui\1.7.0\springdoc-openapi-ui-1.7.0.jar;D:\A_work_Software\maven\maven-repository\org\springdoc\springdoc-openapi-webmvc-core\1.7.0\springdoc-openapi-webmvc-core-1.7.0.jar;D:\A_work_Software\maven\maven-repository\org\springdoc\springdoc-openapi-common\1.7.0\springdoc-openapi-common-1.7.0.jar;D:\A_work_Software\maven\maven-repository\io\swagger\core\v3\swagger-core\2.2.9\swagger-core-2.2.9.jar;D:\A_work_Software\maven\maven-repository\org\apache\commons\commons-lang3\3.12.0\commons-lang3-3.12.0.jar;D:\A_work_Software\maven\maven-repository\com\fasterxml\jackson\dataformat\jackson-dataformat-yaml\2.13.5\jackson-dataformat-yaml-2.13.5.jar;D:\A_work_Software\maven\maven-repository\io\swagger\core\v3\swagger-annotations\2.2.9\swagger-annotations-2.2.9.jar;D:\A_work_Software\maven\maven-repository\io\swagger\core\v3\swagger-models\2.2.9\swagger-models-2.2.9.jar;D:\A_work_Software\maven\maven-repository\jakarta\validation\jakarta.validation-api\2.0.2\jakarta.validation-api-2.0.2.jar;D:\A_work_Software\maven\maven-repository\org\webjars\swagger-ui\4.18.2\swagger-ui-4.18.2.jar;D:\A_work_Software\maven\maven-repository\org\springframework\boot\spring-boot-starter-test\2.7.18\spring-boot-starter-test-2.7.18.jar;D:\A_work_Software\maven\maven-repository\org\springframework\boot\spring-boot-test\2.7.18\spring-boot-test-2.7.18.jar;D:\A_work_Software\maven\maven-repository\org\springframework\boot\spring-boot-test-autoconfigure\2.7.18\spring-boot-test-autoconfigure-2.7.18.jar;D:\A_work_Software\maven\maven-repository\com\jayway\jsonpath\json-path\2.7.0\json-path-2.7.0.jar;D:\A_work_Software\maven\maven-repository\net\minidev\json-smart\2.4.11\json-smart-2.4.11.jar;D:\A_work_Software\maven\maven-repository\net\minidev\accessors-smart\2.4.11\accessors-smart-2.4.11.jar;D:\A_work_Software\maven\maven-repository\org\ow2\asm\asm\9.3\asm-9.3.jar;D:\A_work_Software\maven\maven-repository\jakarta\xml\bind\jakarta.xml.bind-api\2.3.3\jakarta.xml.bind-api-2.3.3.jar;D:\A_work_Software\maven\maven-repository\jakarta\activation\jakarta.activation-api\1.2.2\jakarta.activation-api-1.2.2.jar;D:\A_work_Software\maven\maven-repository\org\assertj\assertj-core\3.22.0\assertj-core-3.22.0.jar;D:\A_work_Software\maven\maven-repository\org\hamcrest\hamcrest\2.2\hamcrest-2.2.jar;D:\A_work_Software\maven\maven-repository\org\junit\jupiter\junit-jupiter\5.8.2\junit-jupiter-5.8.2.jar;D:\A_work_Software\maven\maven-repository\org\junit\jupiter\junit-jupiter-api\5.8.2\junit-jupiter-api-5.8.2.jar;D:\A_work_Software\maven\maven-repository\org\opentest4j\opentest4j\1.2.0\opentest4j-1.2.0.jar;D:\A_work_Software\maven\maven-repository\org\junit\platform\junit-platform-commons\1.8.2\junit-platform-commons-1.8.2.jar;D:\A_work_Software\maven\maven-repository\org\apiguardian\apiguardian-api\1.1.2\apiguardian-api-1.1.2.jar;D:\A_work_Software\maven\maven-repository\org\junit\jupiter\junit-jupiter-params\5.8.2\junit-jupiter-params-5.8.2.jar;D:\A_work_Software\maven\maven-repository\org\junit\jupiter\junit-jupiter-engine\5.8.2\junit-jupiter-engine-5.8.2.jar;D:\A_work_Software\maven\maven-repository\org\junit\platform\junit-platform-engine\1.8.2\junit-platform-engine-1.8.2.jar;D:\A_work_Software\maven\maven-repository\org\mockito\mockito-core\4.5.1\mockito-core-4.5.1.jar;D:\A_work_Software\maven\maven-repository\net\bytebuddy\byte-buddy\1.12.23\byte-buddy-1.12.23.jar;D:\A_work_Software\maven\maven-repository\net\bytebuddy\byte-buddy-agent\1.12.23\byte-buddy-agent-1.12.23.jar;D:\A_work_Software\maven\maven-repository\org\objenesis\objenesis\3.2\objenesis-3.2.jar;D:\A_work_Software\maven\maven-repository\org\mockito\mockito-junit-jupiter\4.5.1\mockito-junit-jupiter-4.5.1.jar;D:\A_work_Software\maven\maven-repository\org\skyscreamer\jsonassert\1.5.1\jsonassert-1.5.1.jar;D:\A_work_Software\maven\maven-repository\com\vaadin\external\google\android-json\0.0.20131108.vaadin1\android-json-0.0.20131108.vaadin1.jar;D:\A_work_Software\maven\maven-repository\org\springframework\spring-test\5.3.31\spring-test-5.3.31.jar;D:\A_work_Software\maven\maven-repository\org\xmlunit\xmlunit-core\2.9.1\xmlunit-core-2.9.1.jar;D:\A_work_Software\maven\maven-repository\commons-fileupload\commons-fileupload\1.5\commons-fileupload-1.5.jar;D:\A_work_Software\maven\maven-repository\commons-io\commons-io\2.11.0\commons-io-2.11.0.jar;D:\A_work_Software\maven\maven-repository\org\apache\commons\commons-exec\1.3\commons-exec-1.3.jar;"/>
    <property name="java.vm.vendor" value="Oracle Corporation"/>
    <property name="sun.arch.data.model" value="64"/>
    <property name="user.variant" value=""/>
    <property name="java.vendor.url" value="http://java.oracle.com/"/>
    <property name="user.timezone" value="Asia/Shanghai"/>
    <property name="java.vm.specification.version" value="1.8"/>
    <property name="os.name" value="Windows 10"/>
    <property name="user.country" value="CN"/>
    <property name="sun.java.launcher" value="SUN_STANDARD"/>
    <property name="sun.boot.library.path" value="C:\Program Files\Java\jdk-1.8\jre\bin"/>
    <property name="sun.java.command" value="C:\Users\Administrator\AppData\Local\Temp\surefire4011033423675581881\surefirebooter5887207834553970226.jar C:\Users\Administrator\AppData\Local\Temp\surefire4011033423675581881 2025-01-16T14-30-16_298-jvmRun1 surefire451848205143952600tmp surefire_04349144421615425388tmp"/>
    <property name="surefire.test.class.path" value="D:\陈勇举\gitea代码\api\target\test-classes;D:\陈勇举\gitea代码\api\target\classes;D:\A_work_Software\maven\maven-repository\org\springframework\boot\spring-boot-starter-web\2.7.18\spring-boot-starter-web-2.7.18.jar;D:\A_work_Software\maven\maven-repository\org\springframework\boot\spring-boot-starter-json\2.7.18\spring-boot-starter-json-2.7.18.jar;D:\A_work_Software\maven\maven-repository\com\fasterxml\jackson\core\jackson-databind\2.13.5\jackson-databind-2.13.5.jar;D:\A_work_Software\maven\maven-repository\com\fasterxml\jackson\core\jackson-annotations\2.13.5\jackson-annotations-2.13.5.jar;D:\A_work_Software\maven\maven-repository\com\fasterxml\jackson\core\jackson-core\2.13.5\jackson-core-2.13.5.jar;D:\A_work_Software\maven\maven-repository\com\fasterxml\jackson\datatype\jackson-datatype-jdk8\2.13.5\jackson-datatype-jdk8-2.13.5.jar;D:\A_work_Software\maven\maven-repository\com\fasterxml\jackson\datatype\jackson-datatype-jsr310\2.13.5\jackson-datatype-jsr310-2.13.5.jar;D:\A_work_Software\maven\maven-repository\com\fasterxml\jackson\module\jackson-module-parameter-names\2.13.5\jackson-module-parameter-names-2.13.5.jar;D:\A_work_Software\maven\maven-repository\org\springframework\boot\spring-boot-starter-tomcat\2.7.18\spring-boot-starter-tomcat-2.7.18.jar;D:\A_work_Software\maven\maven-repository\org\apache\tomcat\embed\tomcat-embed-core\9.0.83\tomcat-embed-core-9.0.83.jar;D:\A_work_Software\maven\maven-repository\org\apache\tomcat\embed\tomcat-embed-el\9.0.83\tomcat-embed-el-9.0.83.jar;D:\A_work_Software\maven\maven-repository\org\apache\tomcat\embed\tomcat-embed-websocket\9.0.83\tomcat-embed-websocket-9.0.83.jar;D:\A_work_Software\maven\maven-repository\org\springframework\spring-web\5.3.31\spring-web-5.3.31.jar;D:\A_work_Software\maven\maven-repository\org\springframework\spring-beans\5.3.31\spring-beans-5.3.31.jar;D:\A_work_Software\maven\maven-repository\org\springframework\spring-webmvc\5.3.31\spring-webmvc-5.3.31.jar;D:\A_work_Software\maven\maven-repository\org\springframework\spring-aop\5.3.31\spring-aop-5.3.31.jar;D:\A_work_Software\maven\maven-repository\org\springframework\spring-context\5.3.31\spring-context-5.3.31.jar;D:\A_work_Software\maven\maven-repository\org\springframework\spring-expression\5.3.31\spring-expression-5.3.31.jar;D:\A_work_Software\maven\maven-repository\org\springframework\boot\spring-boot-starter\2.7.18\spring-boot-starter-2.7.18.jar;D:\A_work_Software\maven\maven-repository\org\springframework\boot\spring-boot\2.7.18\spring-boot-2.7.18.jar;D:\A_work_Software\maven\maven-repository\org\springframework\boot\spring-boot-autoconfigure\2.7.18\spring-boot-autoconfigure-2.7.18.jar;D:\A_work_Software\maven\maven-repository\org\springframework\boot\spring-boot-starter-logging\2.7.18\spring-boot-starter-logging-2.7.18.jar;D:\A_work_Software\maven\maven-repository\ch\qos\logback\logback-classic\1.2.12\logback-classic-1.2.12.jar;D:\A_work_Software\maven\maven-repository\ch\qos\logback\logback-core\1.2.12\logback-core-1.2.12.jar;D:\A_work_Software\maven\maven-repository\org\apache\logging\log4j\log4j-to-slf4j\2.17.2\log4j-to-slf4j-2.17.2.jar;D:\A_work_Software\maven\maven-repository\org\apache\logging\log4j\log4j-api\2.17.2\log4j-api-2.17.2.jar;D:\A_work_Software\maven\maven-repository\org\slf4j\jul-to-slf4j\1.7.36\jul-to-slf4j-1.7.36.jar;D:\A_work_Software\maven\maven-repository\jakarta\annotation\jakarta.annotation-api\1.3.5\jakarta.annotation-api-1.3.5.jar;D:\A_work_Software\maven\maven-repository\org\springframework\spring-core\5.3.31\spring-core-5.3.31.jar;D:\A_work_Software\maven\maven-repository\org\springframework\spring-jcl\5.3.31\spring-jcl-5.3.31.jar;D:\A_work_Software\maven\maven-repository\org\yaml\snakeyaml\1.30\snakeyaml-1.30.jar;D:\A_work_Software\maven\maven-repository\org\slf4j\slf4j-api\1.7.36\slf4j-api-1.7.36.jar;D:\A_work_Software\maven\maven-repository\org\springdoc\springdoc-openapi-ui\1.7.0\springdoc-openapi-ui-1.7.0.jar;D:\A_work_Software\maven\maven-repository\org\springdoc\springdoc-openapi-webmvc-core\1.7.0\springdoc-openapi-webmvc-core-1.7.0.jar;D:\A_work_Software\maven\maven-repository\org\springdoc\springdoc-openapi-common\1.7.0\springdoc-openapi-common-1.7.0.jar;D:\A_work_Software\maven\maven-repository\io\swagger\core\v3\swagger-core\2.2.9\swagger-core-2.2.9.jar;D:\A_work_Software\maven\maven-repository\org\apache\commons\commons-lang3\3.12.0\commons-lang3-3.12.0.jar;D:\A_work_Software\maven\maven-repository\com\fasterxml\jackson\dataformat\jackson-dataformat-yaml\2.13.5\jackson-dataformat-yaml-2.13.5.jar;D:\A_work_Software\maven\maven-repository\io\swagger\core\v3\swagger-annotations\2.2.9\swagger-annotations-2.2.9.jar;D:\A_work_Software\maven\maven-repository\io\swagger\core\v3\swagger-models\2.2.9\swagger-models-2.2.9.jar;D:\A_work_Software\maven\maven-repository\jakarta\validation\jakarta.validation-api\2.0.2\jakarta.validation-api-2.0.2.jar;D:\A_work_Software\maven\maven-repository\org\webjars\swagger-ui\4.18.2\swagger-ui-4.18.2.jar;D:\A_work_Software\maven\maven-repository\org\springframework\boot\spring-boot-starter-test\2.7.18\spring-boot-starter-test-2.7.18.jar;D:\A_work_Software\maven\maven-repository\org\springframework\boot\spring-boot-test\2.7.18\spring-boot-test-2.7.18.jar;D:\A_work_Software\maven\maven-repository\org\springframework\boot\spring-boot-test-autoconfigure\2.7.18\spring-boot-test-autoconfigure-2.7.18.jar;D:\A_work_Software\maven\maven-repository\com\jayway\jsonpath\json-path\2.7.0\json-path-2.7.0.jar;D:\A_work_Software\maven\maven-repository\net\minidev\json-smart\2.4.11\json-smart-2.4.11.jar;D:\A_work_Software\maven\maven-repository\net\minidev\accessors-smart\2.4.11\accessors-smart-2.4.11.jar;D:\A_work_Software\maven\maven-repository\org\ow2\asm\asm\9.3\asm-9.3.jar;D:\A_work_Software\maven\maven-repository\jakarta\xml\bind\jakarta.xml.bind-api\2.3.3\jakarta.xml.bind-api-2.3.3.jar;D:\A_work_Software\maven\maven-repository\jakarta\activation\jakarta.activation-api\1.2.2\jakarta.activation-api-1.2.2.jar;D:\A_work_Software\maven\maven-repository\org\assertj\assertj-core\3.22.0\assertj-core-3.22.0.jar;D:\A_work_Software\maven\maven-repository\org\hamcrest\hamcrest\2.2\hamcrest-2.2.jar;D:\A_work_Software\maven\maven-repository\org\junit\jupiter\junit-jupiter\5.8.2\junit-jupiter-5.8.2.jar;D:\A_work_Software\maven\maven-repository\org\junit\jupiter\junit-jupiter-api\5.8.2\junit-jupiter-api-5.8.2.jar;D:\A_work_Software\maven\maven-repository\org\opentest4j\opentest4j\1.2.0\opentest4j-1.2.0.jar;D:\A_work_Software\maven\maven-repository\org\junit\platform\junit-platform-commons\1.8.2\junit-platform-commons-1.8.2.jar;D:\A_work_Software\maven\maven-repository\org\apiguardian\apiguardian-api\1.1.2\apiguardian-api-1.1.2.jar;D:\A_work_Software\maven\maven-repository\org\junit\jupiter\junit-jupiter-params\5.8.2\junit-jupiter-params-5.8.2.jar;D:\A_work_Software\maven\maven-repository\org\junit\jupiter\junit-jupiter-engine\5.8.2\junit-jupiter-engine-5.8.2.jar;D:\A_work_Software\maven\maven-repository\org\junit\platform\junit-platform-engine\1.8.2\junit-platform-engine-1.8.2.jar;D:\A_work_Software\maven\maven-repository\org\mockito\mockito-core\4.5.1\mockito-core-4.5.1.jar;D:\A_work_Software\maven\maven-repository\net\bytebuddy\byte-buddy\1.12.23\byte-buddy-1.12.23.jar;D:\A_work_Software\maven\maven-repository\net\bytebuddy\byte-buddy-agent\1.12.23\byte-buddy-agent-1.12.23.jar;D:\A_work_Software\maven\maven-repository\org\objenesis\objenesis\3.2\objenesis-3.2.jar;D:\A_work_Software\maven\maven-repository\org\mockito\mockito-junit-jupiter\4.5.1\mockito-junit-jupiter-4.5.1.jar;D:\A_work_Software\maven\maven-repository\org\skyscreamer\jsonassert\1.5.1\jsonassert-1.5.1.jar;D:\A_work_Software\maven\maven-repository\com\vaadin\external\google\android-json\0.0.20131108.vaadin1\android-json-0.0.20131108.vaadin1.jar;D:\A_work_Software\maven\maven-repository\org\springframework\spring-test\5.3.31\spring-test-5.3.31.jar;D:\A_work_Software\maven\maven-repository\org\xmlunit\xmlunit-core\2.9.1\xmlunit-core-2.9.1.jar;D:\A_work_Software\maven\maven-repository\commons-fileupload\commons-fileupload\1.5\commons-fileupload-1.5.jar;D:\A_work_Software\maven\maven-repository\commons-io\commons-io\2.11.0\commons-io-2.11.0.jar;D:\A_work_Software\maven\maven-repository\org\apache\commons\commons-exec\1.3\commons-exec-1.3.jar;"/>
    <property name="sun.cpu.endian" value="little"/>
    <property name="user.home" value="C:\Users\Administrator"/>
    <property name="user.language" value="zh"/>
    <property name="java.specification.vendor" value="Oracle Corporation"/>
    <property name="java.home" value="C:\Program Files\Java\jdk-1.8\jre"/>
    <property name="basedir" value="D:\陈勇举\gitea代码\api"/>
    <property name="file.separator" value="\"/>
    <property name="line.separator" value="&#10;"/>
    <property name="java.vm.specification.vendor" value="Oracle Corporation"/>
    <property name="java.specification.name" value="Java Platform API Specification"/>
    <property name="java.awt.graphicsenv" value="sun.awt.Win32GraphicsEnvironment"/>
    <property name="surefire.real.class.path" value="C:\Users\Administrator\AppData\Local\Temp\surefire4011033423675581881\surefirebooter5887207834553970226.jar"/>
    <property name="sun.boot.class.path" value="C:\Program Files\Java\jdk-1.8\jre\lib\resources.jar;C:\Program Files\Java\jdk-1.8\jre\lib\rt.jar;C:\Program Files\Java\jdk-1.8\jre\lib\jsse.jar;C:\Program Files\Java\jdk-1.8\jre\lib\jce.jar;C:\Program Files\Java\jdk-1.8\jre\lib\charsets.jar;C:\Program Files\Java\jdk-1.8\jre\lib\jfr.jar;C:\Program Files\Java\jdk-1.8\jre\classes"/>
    <property name="user.script" value=""/>
    <property name="sun.management.compiler" value="HotSpot 64-Bit Tiered Compilers"/>
    <property name="java.runtime.version" value="1.8.0_391-b13"/>
    <property name="user.name" value="Administrator"/>
    <property name="path.separator" value=";"/>
    <property name="os.version" value="10.0"/>
    <property name="java.endorsed.dirs" value="C:\Program Files\Java\jdk-1.8\jre\lib\endorsed"/>
    <property name="java.runtime.name" value="Java(TM) SE Runtime Environment"/>
    <property name="file.encoding" value="GBK"/>
    <property name="java.vm.name" value="Java HotSpot(TM) 64-Bit Server VM"/>
    <property name="localRepository" value="D:\A_work_Software\maven\maven-repository"/>
    <property name="java.vendor.url.bug" value="http://bugreport.sun.com/bugreport/"/>
    <property name="java.io.tmpdir" value="C:\Users\Administrator\AppData\Local\Temp\"/>
    <property name="java.version" value="1.8.0_391"/>
    <property name="user.dir" value="D:\陈勇举\gitea代码\api"/>
    <property name="os.arch" value="amd64"/>
    <property name="java.vm.specification.name" value="Java Virtual Machine Specification"/>
    <property name="java.awt.printerjob" value="sun.awt.windows.WPrinterJob"/>
    <property name="sun.os.patch.level" value=""/>
    <property name="java.library.path" value="C:\Program Files\Java\jdk-1.8\jre\bin;C:\Windows\Sun\Java\bin;C:\Windows\system32;C:\Windows;C:\Python313\Scripts\;C:\Python313\;D:\app\Python\Scripts\;D:\app\Python\;C:\Program Files (x86)\VMware\VMware Workstation\bin\;C:\Program Files\Java\jdk-1.8\bin;C:\Program Files (x86)\Common Files\Oracle\Java\javapath;C:\Windows\system32;C:\Windows;C:\Windows\System32\Wbem;C:\Windows\System32\WindowsPowerShell\v1.0\;D:\A_work_Software\tomcat\apache-tomcat-9.0.37\bin;D:\A_work_Software\mysql\mysql-8.0.11\bin;D:\A_work_Software\maven\apache-maven-3.6.3\bin;D:\A_work_Software\svn\bin;E:\微信开发者工具\微信web开发者工具\dll;D:\WebSoftwar;\NodeJs\;C:\Program Files\Bandizip\;C:\Program Files (x86)\NetSarang\Xshell 7\;C:\Program Files\Git\cmd;D:\WebSoftware\NodeJs\;C:\ProgramData\chocolatey\bin;C:\Program Files (x86)\NVIDIA Corporation\PhysX\Common;C:\Program Files\NVIDIA Corporation\NVIDIA NvDLISR;C:\Users\Administrator\AppData\Local\Microsoft\WindowsApps;C:\Program Files\JetBrains\IntelliJ IDEA 2020.3.3\bin;;D:\WebSoftware\VsCode\Microsoft VS Code\bin;C:\Program Files (x86)\Tencent\QQGameTempest\Hall.57814\;D:\Clion\CLion 2022.1.3\bin;;C:\Users\Administrator\AppData\Local\Programs\Ollama;D:\app\PyCharm\PyCharm Community Edition 2024.2\bin;;C:\Users\Administrator\AppData\Roaming\npm;."/>
    <property name="java.vm.info" value="mixed mode"/>
    <property name="java.vendor" value="Oracle Corporation"/>
    <property name="java.vm.version" value="25.391-b13"/>
    <property name="java.specification.maintenance.version" value="5"/>
    <property name="java.ext.dirs" value="C:\Program Files\Java\jdk-1.8\jre\lib\ext;C:\Windows\Sun\Java\lib\ext"/>
    <property name="sun.io.unicode.encoding" value="UnicodeLittle"/>
    <property name="java.class.version" value="52.0"/>
  </properties>
  <testcase name="testTextRecognition" classname="com.example.ocr.controller.OcrControllerTest" time="0.301"/>
  <testcase name="testReadingOrder" classname="com.example.ocr.controller.OcrControllerTest" time="0.045"/>
  <testcase name="testTextDetection" classname="com.example.ocr.controller.OcrControllerTest" time="0.012"/>
  <testcase name="testLayoutAnalysis" classname="com.example.ocr.controller.OcrControllerTest" time="0.006"/>
  <testcase name="testInvalidFileType" classname="com.example.ocr.controller.OcrControllerTest" time="0.007"/>
</testsuite>